<?xml version="1.0" encoding="UTF-8" standalone="no"?><testsuite errors="2" failures="0" name="Registro de usuario" skipped="0" tests="2" time="2.0" timestamp="2026-03-20 03:41:56"><testcase name="Registro exitoso"><error message="no such element: Unable to locate element: {&quot;method&quot;:&quot;css selector&quot;,&quot;selector&quot;:&quot;#patientId&quot;}&#10;  (Session info: chrome=146.0.7680.153)&#10;For documentation on this error, please visit: https://www.selenium.dev/documentation/webdriver/troubleshooting/errors#no-such-element-exception&#10;Build info: version: '4.14.1', revision: '03f8ede370'&#10;System info: os.name: 'Linux', os.arch: 'amd64', os.version: '6.17.0-19-generic', java.version: '25.0.2'&#10;Driver info: org.openqa.selenium.chrome.ChromeDriver&#10;Command: [53e06e94142093e6bd425398221d5598, findElement {using=id, value=patientId}]&#10;Capabilities {acceptInsecureCerts: false, browserName: chrome, browserVersion: 146.0.7680.153, chrome: {chromedriverVersion: 146.0.7680.153 (85fd829a1b2..., userDataDir: /tmp/org.chromium.Chromium....}, fedcm:accounts: true, goog:chromeOptions: {debuggerAddress: localhost:32993}, goog:processID: 386909, networkConnectionEnabled: false, pageLoadStrategy: normal, platformName: linux, proxy: Proxy(), se:cdp: ws://localhost:32993/devtoo..., se:cdpVersion: 146.0.7680.153, setWindowRect: true, strictFileInteractability: false, timeouts: {implicit: 0, pageLoad: 300000, script: 30000}, unhandledPromptBehavior: dismiss and notify, webauthn:extension:credBlob: true, webauthn:extension:largeBlob: true, webauthn:extension:minPinLength: true, webauthn:extension:prf: true, webauthn:virtualAuthenticators: true}&#10;Session ID: 53e06e94142093e6bd425398221d5598" type="org.openqa.selenium.NoSuchElementException">no such element: Unable to locate element: {"method":"css selector","selector":"#patientId"}
  (Session info: chrome=146.0.7680.153)
For documentation on this error, please visit: https://www.selenium.dev/documentation/webdriver/troubleshooting/errors#no-such-element-exception
Build info: version: '4.14.1', revision: '03f8ede370'
System info: os.name: 'Linux', os.arch: 'amd64', os.version: '6.17.0-19-generic', java.version: '25.0.2'
Driver info: org.openqa.selenium.chrome.ChromeDriver
Command: [53e06e94142093e6bd425398221d5598, findElement {using=id, value=patientId}]
Capabilities {acceptInsecureCerts: false, browserName: chrome, browserVersion: 146.0.7680.153, chrome: {chromedriverVersion: 146.0.7680.153 (85fd829a1b2..., userDataDir: /tmp/org.chromium.Chromium....}, fedcm:accounts: true, goog:chromeOptions: {debuggerAddress: localhost:32993}, goog:processID: 386909, networkConnectionEnabled: false, pageLoadStrategy: normal, platformName: linux, proxy: Proxy(), se:cdp: ws://localhost:32993/devtoo..., se:cdpVersion: 146.0.7680.153, setWindowRect: true, strictFileInteractability: false, timeouts: {implicit: 0, pageLoad: 300000, script: 30000}, unhandledPromptBehavior: dismiss and notify, webauthn:extension:credBlob: true, webauthn:extension:largeBlob: true, webauthn:extension:minPinLength: true, webauthn:extension:prf: true, webauthn:virtualAuthenticators: true}
Session ID: 53e06e94142093e6bd425398221d5598</error><system-err>no such element: Unable to locate element: {"method":"css selector","selector":"#patientId"}
  (Session info: chrome=146.0.7680.153)
For documentation on this error, please visit: https://www.selenium.dev/documentation/webdriver/troubleshooting/errors#no-such-element-exception
Build info: version: '4.14.1', revision: '03f8ede370'
System info: os.name: 'Linux', os.arch: 'amd64', os.version: '6.17.0-19-generic', java.version: '25.0.2'
Driver info: org.openqa.selenium.chrome.ChromeDriver
Command: [53e06e94142093e6bd425398221d5598, findElement {using=id, value=patientId}]
Capabilities {acceptInsecureCerts: false, browserName: chrome, browserVersion: 146.0.7680.153, chrome: {chromedriverVersion: 146.0.7680.153 (85fd829a1b2..., userDataDir: /tmp/org.chromium.Chromium....}, fedcm:accounts: true, goog:chromeOptions: {debuggerAddress: localhost:32993}, goog:processID: 386909, networkConnectionEnabled: false, pageLoadStrategy: normal, platformName: linux, proxy: Proxy(), se:cdp: ws://localhost:32993/devtoo..., se:cdpVersion: 146.0.7680.153, setWindowRect: true, strictFileInteractability: false, timeouts: {implicit: 0, pageLoad: 300000, script: 30000}, unhandledPromptBehavior: dismiss and notify, webauthn:extension:credBlob: true, webauthn:extension:largeBlob: true, webauthn:extension:minPinLength: true, webauthn:extension:prf: true, webauthn:virtualAuthenticators: true}
Session ID: 53e06e94142093e6bd425398221d5598
net.thucydides.core.webdriver.WebDriverFacade.findElement(WebDriverFacade.java:259)
net.thucydides.core.steps.StepInterceptor.invokeMethod(StepInterceptor.java:519)
net.thucydides.core.steps.StepInterceptor.executeTestStepMethod(StepInterceptor.java:499)
net.thucydides.core.steps.StepInterceptor.runTestStep(StepInterceptor.java:471)
net.thucydides.core.steps.StepInterceptor.runOrSkipMethod(StepInterceptor.java:213)
net.thucydides.core.steps.StepInterceptor.testStepResult(StepInterceptor.java:200)
net.thucydides.core.steps.StepInterceptor.intercept(StepInterceptor.java:92)
co.com.sofka.tasks.FillRegistrationForm.performAs(FillRegistrationForm.java:22)
net.thucydides.core.steps.StepInterceptor.invokeMethod(StepInterceptor.java:519)
net.thucydides.core.steps.StepInterceptor.executeTestStepMethod(StepInterceptor.java:499)
net.thucydides.core.steps.StepInterceptor.runTestStep(StepInterceptor.java:471)
net.thucydides.core.steps.StepInterceptor.runOrSkipMethod(StepInterceptor.java:213)
net.thucydides.core.steps.StepInterceptor.testStepResult(StepInterceptor.java:200)
net.thucydides.core.steps.StepInterceptor.intercept(StepInterceptor.java:92)
co.com.sofka.stepdefinitions.RegistrationStepDefinitions.ingresaDatosValidos(RegistrationStepDefinitions.java:38)
io.cucumber.java.Invoker.doInvoke(Invoker.java:66)
io.cucumber.java.Invoker.invoke(Invoker.java:24)
io.cucumber.java.AbstractGlueDefinition.invokeMethod(AbstractGlueDefinition.java:47)
io.cucumber.java.JavaStepDefinition.execute(JavaStepDefinition.java:29)
io.cucumber.core.runner.CoreStepDefinition.execute(CoreStepDefinition.java:66)
io.cucumber.core.runner.PickleStepDefinitionMatch.runStep(PickleStepDefinitionMatch.java:63)
io.cucumber.core.runner.TestStep.executeStep(TestStep.java:84)
io.cucumber.core.runner.TestStep.run(TestStep.java:56)
io.cucumber.core.runner.PickleStepTestStep.run(PickleStepTestStep.java:51)
io.cucumber.core.runner.TestCase.run(TestCase.java:84)
io.cucumber.core.runner.Runner.runPickle(Runner.java:75)
io.cucumber.core.runtime.CucumberExecutionContext.lambda$runTestCase$5(CucumberExecutionContext.java:137)
io.cucumber.core.runtime.RethrowingThrowableCollector.executeAndThrow(RethrowingThrowableCollector.java:23)
io.cucumber.core.runtime.CucumberExecutionContext.runTestCase(CucumberExecutionContext.java:137)
io.cucumber.junit.FeatureRunner.runChild(FeatureRunner.java:144)
io.cucumber.junit.FeatureRunner.runChild(FeatureRunner.java:28)
io.cucumber.junit.FeatureRunner.run(FeatureRunner.java:137)
io.cucumber.junit.CucumberSerenityBaseRunner.runChild(CucumberSerenityBaseRunner.java:332)
io.cucumber.junit.CucumberSerenityBaseRunner.runChild(CucumberSerenityBaseRunner.java:53)
worker.org.gradle.process.internal.worker.GradleWorkerMain.run(GradleWorkerMain.java:69)
worker.org.gradle.process.internal.worker.GradleWorkerMain.main(GradleWorkerMain.java:74)
</system-err></testcase><testcase name="Registro con datos inválidos"><error message="no such element: Unable to locate element: {&quot;method&quot;:&quot;css selector&quot;,&quot;selector&quot;:&quot;#patientId&quot;}&#10;  (Session info: chrome=146.0.7680.153)&#10;For documentation on this error, please visit: https://www.selenium.dev/documentation/webdriver/troubleshooting/errors#no-such-element-exception&#10;Build info: version: '4.14.1', revision: '03f8ede370'&#10;System info: os.name: 'Linux', os.arch: 'amd64', os.version: '6.17.0-19-generic', java.version: '25.0.2'&#10;Driver info: org.openqa.selenium.chrome.ChromeDriver&#10;Command: [3024d8ae237cf3e40ff204c99db3e25a, findElement {using=id, value=patientId}]&#10;Capabilities {acceptInsecureCerts: false, browserName: chrome, browserVersion: 146.0.7680.153, chrome: {chromedriverVersion: 146.0.7680.153 (85fd829a1b2..., userDataDir: /tmp/org.chromium.Chromium....}, fedcm:accounts: true, goog:chromeOptions: {debuggerAddress: localhost:46197}, goog:processID: 387102, networkConnectionEnabled: false, pageLoadStrategy: normal, platformName: linux, proxy: Proxy(), se:cdp: ws://localhost:46197/devtoo..., se:cdpVersion: 146.0.7680.153, setWindowRect: true, strictFileInteractability: false, timeouts: {implicit: 0, pageLoad: 300000, script: 30000}, unhandledPromptBehavior: dismiss and notify, webauthn:extension:credBlob: true, webauthn:extension:largeBlob: true, webauthn:extension:minPinLength: true, webauthn:extension:prf: true, webauthn:virtualAuthenticators: true}&#10;Session ID: 3024d8ae237cf3e40ff204c99db3e25a" type="org.openqa.selenium.NoSuchElementException">no such element: Unable to locate element: {"method":"css selector","selector":"#patientId"}
  (Session info: chrome=146.0.7680.153)
For documentation on this error, please visit: https://www.selenium.dev/documentation/webdriver/troubleshooting/errors#no-such-element-exception
Build info: version: '4.14.1', revision: '03f8ede370'
System info: os.name: 'Linux', os.arch: 'amd64', os.version: '6.17.0-19-generic', java.version: '25.0.2'
Driver info: org.openqa.selenium.chrome.ChromeDriver
Command: [3024d8ae237cf3e40ff204c99db3e25a, findElement {using=id, value=patientId}]
Capabilities {acceptInsecureCerts: false, browserName: chrome, browserVersion: 146.0.7680.153, chrome: {chromedriverVersion: 146.0.7680.153 (85fd829a1b2..., userDataDir: /tmp/org.chromium.Chromium....}, fedcm:accounts: true, goog:chromeOptions: {debuggerAddress: localhost:46197}, goog:processID: 387102, networkConnectionEnabled: false, pageLoadStrategy: normal, platformName: linux, proxy: Proxy(), se:cdp: ws://localhost:46197/devtoo..., se:cdpVersion: 146.0.7680.153, setWindowRect: true, strictFileInteractability: false, timeouts: {implicit: 0, pageLoad: 300000, script: 30000}, unhandledPromptBehavior: dismiss and notify, webauthn:extension:credBlob: true, webauthn:extension:largeBlob: true, webauthn:extension:minPinLength: true, webauthn:extension:prf: true, webauthn:virtualAuthenticators: true}
Session ID: 3024d8ae237cf3e40ff204c99db3e25a</error><system-err>no such element: Unable to locate element: {"method":"css selector","selector":"#patientId"}
  (Session info: chrome=146.0.7680.153)
For documentation on this error, please visit: https://www.selenium.dev/documentation/webdriver/troubleshooting/errors#no-such-element-exception
Build info: version: '4.14.1', revision: '03f8ede370'
System info: os.name: 'Linux', os.arch: 'amd64', os.version: '6.17.0-19-generic', java.version: '25.0.2'
Driver info: org.openqa.selenium.chrome.ChromeDriver
Command: [3024d8ae237cf3e40ff204c99db3e25a, findElement {using=id, value=patientId}]
Capabilities {acceptInsecureCerts: false, browserName: chrome, browserVersion: 146.0.7680.153, chrome: {chromedriverVersion: 146.0.7680.153 (85fd829a1b2..., userDataDir: /tmp/org.chromium.Chromium....}, fedcm:accounts: true, goog:chromeOptions: {debuggerAddress: localhost:46197}, goog:processID: 387102, networkConnectionEnabled: false, pageLoadStrategy: normal, platformName: linux, proxy: Proxy(), se:cdp: ws://localhost:46197/devtoo..., se:cdpVersion: 146.0.7680.153, setWindowRect: true, strictFileInteractability: false, timeouts: {implicit: 0, pageLoad: 300000, script: 30000}, unhandledPromptBehavior: dismiss and notify, webauthn:extension:credBlob: true, webauthn:extension:largeBlob: true, webauthn:extension:minPinLength: true, webauthn:extension:prf: true, webauthn:virtualAuthenticators: true}
Session ID: 3024d8ae237cf3e40ff204c99db3e25a
net.thucydides.core.webdriver.WebDriverFacade.findElement(WebDriverFacade.java:259)
net.thucydides.core.steps.StepInterceptor.invokeMethod(StepInterceptor.java:519)
net.thucydides.core.steps.StepInterceptor.executeTestStepMethod(StepInterceptor.java:499)
net.thucydides.core.steps.StepInterceptor.runTestStep(StepInterceptor.java:471)
net.thucydides.core.steps.StepInterceptor.runOrSkipMethod(StepInterceptor.java:213)
net.thucydides.core.steps.StepInterceptor.testStepResult(StepInterceptor.java:200)
net.thucydides.core.steps.StepInterceptor.intercept(StepInterceptor.java:92)
co.com.sofka.tasks.FillRegistrationForm.performAs(FillRegistrationForm.java:22)
net.thucydides.core.steps.StepInterceptor.invokeMethod(StepInterceptor.java:519)
net.thucydides.core.steps.StepInterceptor.executeTestStepMethod(StepInterceptor.java:499)
net.thucydides.core.steps.StepInterceptor.runTestStep(StepInterceptor.java:471)
net.thucydides.core.steps.StepInterceptor.runOrSkipMethod(StepInterceptor.java:213)
net.thucydides.core.steps.StepInterceptor.testStepResult(StepInterceptor.java:200)
net.thucydides.core.steps.StepInterceptor.intercept(StepInterceptor.java:92)
co.com.sofka.stepdefinitions.RegistrationStepDefinitions.ingresaDatosIncompletosOInvalidos(RegistrationStepDefinitions.java:54)
io.cucumber.java.Invoker.doInvoke(Invoker.java:66)
io.cucumber.java.Invoker.invoke(Invoker.java:24)
io.cucumber.java.AbstractGlueDefinition.invokeMethod(AbstractGlueDefinition.java:47)
io.cucumber.java.JavaStepDefinition.execute(JavaStepDefinition.java:29)
io.cucumber.core.runner.CoreStepDefinition.execute(CoreStepDefinition.java:66)
io.cucumber.core.runner.PickleStepDefinitionMatch.runStep(PickleStepDefinitionMatch.java:63)
io.cucumber.core.runner.TestStep.executeStep(TestStep.java:84)
io.cucumber.core.runner.TestStep.run(TestStep.java:56)
io.cucumber.core.runner.PickleStepTestStep.run(PickleStepTestStep.java:51)
io.cucumber.core.runner.TestCase.run(TestCase.java:84)
io.cucumber.core.runner.Runner.runPickle(Runner.java:75)
io.cucumber.core.runtime.CucumberExecutionContext.lambda$runTestCase$5(CucumberExecutionContext.java:137)
io.cucumber.core.runtime.RethrowingThrowableCollector.executeAndThrow(RethrowingThrowableCollector.java:23)
io.cucumber.core.runtime.CucumberExecutionContext.runTestCase(CucumberExecutionContext.java:137)
io.cucumber.junit.FeatureRunner.runChild(FeatureRunner.java:144)
io.cucumber.junit.FeatureRunner.runChild(FeatureRunner.java:28)
io.cucumber.junit.FeatureRunner.run(FeatureRunner.java:137)
io.cucumber.junit.CucumberSerenityBaseRunner.runChild(CucumberSerenityBaseRunner.java:332)
io.cucumber.junit.CucumberSerenityBaseRunner.runChild(CucumberSerenityBaseRunner.java:53)
worker.org.gradle.process.internal.worker.GradleWorkerMain.run(GradleWorkerMain.java:69)
worker.org.gradle.process.internal.worker.GradleWorkerMain.main(GradleWorkerMain.java:74)
</system-err></testcase></testsuite>